<?xml version="1.0" encoding="UTF-8"?>
<!-- Generated by org.testng.reporters.JUnitReportReporter -->
<testsuite hostname="LAPTOP-JF89UMLV" name="com.testRunner.TestRunner" tests="2" failures="0" timestamp="1 Apr 2020 05:27:52 GMT" time="70.933" errors="0">
  <testcase name="feature" time="59.705" classname="com.testRunner.TestRunner"/>
  <testcase name="feature" time="11.228" classname="com.testRunner.TestRunner"/>
</testsuite> <!-- com.testRunner.TestRunner -->
