<?xml version="1.0" encoding="UTF-8"?>
<!-- Generated by org.testng.reporters.JUnitReportReporter -->
<testsuite hostname="LAPTOP-JF89UMLV" failures="0" tests="2" name="com.testRunner.TestRunner" time="57.798" errors="0" timestamp="14 Apr 2020 14:35:22 GMT">
  <testcase classname="com.testRunner.TestRunner" name="feature" time="13.736"/>
  <testcase classname="com.testRunner.TestRunner" name="feature" time="44.062"/>
</testsuite> <!-- com.testRunner.TestRunner -->
