<?xml version="1.0" encoding="UTF-8"?>
<!-- Generated by org.testng.reporters.JUnitReportReporter -->
<testsuite hostname="LAPTOP-DUFAHODU" name="com.testRunner.TestRunner" tests="2" failures="0" timestamp="31 Mar 2020 11:13:36 GMT" time="73.421" errors="0">
  <testcase name="feature" time="23.965" classname="com.testRunner.TestRunner"/>
  <testcase name="feature" time="49.456" classname="com.testRunner.TestRunner"/>
</testsuite> <!-- com.testRunner.TestRunner -->
